Wed Jun 06 2018 22:00:24 GMT+0300 (Финляндия (лето)): GET /
Wed Jun 06 2018 22:00:25 GMT+0300 (Финляндия (лето)): GET /favicon.ico
Wed Jun 06 2018 22:00:26 GMT+0300 (Финляндия (лето)): GET /
Wed Jun 06 2018 22:08:08 GMT+0300 (Финляндия (лето)): POST /movies
Wed Jun 06 2018 22:28:55 GMT+0300 (Финляндия (лето)): GET /
Wed Jun 06 2018 22:28:58 GMT+0300 (Финляндия (лето)): POST /movies
Wed Jun 06 2018 22:31:13 GMT+0300 (Финляндия (лето)): GET /
Wed Jun 06 2018 22:31:16 GMT+0300 (Финляндия (лето)): POST /movies
Wed Jun 06 2018 22:55:02 GMT+0300 (Финляндия (лето)): GET /
Wed Jun 06 2018 22:55:03 GMT+0300 (Финляндия (лето)): GET /
Wed Jun 06 2018 22:55:03 GMT+0300 (Финляндия (лето)): GET /
Wed Jun 06 2018 22:57:24 GMT+0300 (Финляндия (лето)): GET /movies
Wed Jun 06 2018 23:32:41 GMT+0300 (Финляндия (лето)): GET /
Wed Jun 06 2018 23:33:55 GMT+0300 (Финляндия (лето)): GET /mycolection
Wed Jun 06 2018 23:33:56 GMT+0300 (Финляндия (лето)): GET /weatherforecast
Wed Jun 06 2018 23:33:57 GMT+0300 (Финляндия (лето)): GET /mycolection
Wed Jun 06 2018 23:33:57 GMT+0300 (Финляндия (лето)): GET /
Wed Jun 06 2018 23:33:58 GMT+0300 (Финляндия (лето)): GET /mycolection
Wed Jun 06 2018 23:33:58 GMT+0300 (Финляндия (лето)): GET /weatherforecast
Wed Jun 06 2018 23:33:59 GMT+0300 (Финляндия (лето)): GET /mycolection
Wed Jun 06 2018 23:33:59 GMT+0300 (Финляндия (лето)): GET /
Wed Jun 06 2018 23:34:05 GMT+0300 (Финляндия (лето)): GET /
Wed Jun 06 2018 23:34:06 GMT+0300 (Финляндия (лето)): GET /
Wed Jun 06 2018 23:34:06 GMT+0300 (Финляндия (лето)): GET /
Wed Jun 06 2018 23:34:07 GMT+0300 (Финляндия (лето)): GET /mycolection
Wed Jun 06 2018 23:34:07 GMT+0300 (Финляндия (лето)): GET /weatherforecast
Wed Jun 06 2018 23:34:08 GMT+0300 (Финляндия (лето)): GET /
Wed Jun 06 2018 23:34:15 GMT+0300 (Финляндия (лето)): GET /mycolection
Wed Jun 06 2018 23:34:15 GMT+0300 (Финляндия (лето)): GET /weatherforecast
Wed Jun 06 2018 23:34:16 GMT+0300 (Финляндия (лето)): GET /
Wed Jun 06 2018 23:34:49 GMT+0300 (Финляндия (лето)): GET /
Fri Jun 15 2018 23:01:23 GMT+0300 (Финляндия (лето)): GET /bands
Fri Jun 15 2018 23:01:23 GMT+0300 (Финляндия (лето)): GET /favicon.ico
Fri Jun 15 2018 23:01:36 GMT+0300 (Финляндия (лето)): GET /
Sat Jun 16 2018 00:24:52 GMT+0300 (Финляндия (лето)): GET /
Sat Jun 16 2018 00:43:18 GMT+0300 (Финляндия (лето)): GET /
Sat Jun 16 2018 00:47:46 GMT+0300 (Финляндия (лето)): GET /
Sat Jun 16 2018 00:58:56 GMT+0300 (Финляндия (лето)): GET /
